#
# There is insufficient memory for the Java Runtime Environment to continue.
# Native memory allocation (mmap) failed to map 117440512 bytes. Error detail: G1 virtual space
# Possible reasons:
#   The system is out of physical RAM or swap space
#   This process is running with CompressedOops enabled, and the Java Heap may be blocking the growth of the native heap
# Possible solutions:
#   Reduce memory load on the system
#   Increase physical memory or swap space
#   Check if swap backing store is full
#   Decrease Java heap size (-Xmx/-Xms)
#   Decrease number of Java threads
#   Decrease Java thread stack sizes (-Xss)
#   Set larger code cache with -XX:ReservedCodeCacheSize=
#   JVM is running with Unscaled Compressed Oops mode in which the Java heap is
#     placed in the first 4GB address space. The Java Heap base address is the
#     maximum limit for the native heap growth. Please use -XX:HeapBaseMinAddress
#     to set the Java Heap base and to place the Java Heap above 4GB virtual address.
# This output file may be truncated or incomplete.
#
#  Out of Memory Error (os_windows.cpp:3710), pid=17720, tid=4776
#
# JRE version:  (17.0.14+7) (build )
# Java VM: OpenJDK 64-Bit Server VM (17.0.14+7-LTS, mixed mode, sharing, tiered, compressed oops, compressed class ptrs, g1 gc, windows-amd64)
# No core dump will be written. Minidumps are not enabled by default on client versions of Windows
#

---------------  S U M M A R Y ------------

Command Line: -Dorg.gradle.internal.worker.tmpdir=C:\Users\udalo\Downloads\bentonos-backend\build\tmp\test\work -Dorg.gradle.native=false -Xmx512m -Dfile.encoding=UTF-8 -Duser.country=RU -Duser.language=ru -Duser.variant -ea worker.org.gradle.process.internal.worker.GradleWorkerMain 'Gradle Test Executor 5'

Host: AMD Ryzen 5 3500U with Radeon Vega Mobile Gfx  , 8 cores, 6G,  Windows 11 , 64 bit Build 26100 (10.0.26100.2454)
Time: Wed Apr 16 23:25:22 2025 RTZ 2 (s 11 , 64 bit Build 26100 (10.0.26100.2454) elapsed time: 2.046696 seconds (0d 0h 0m 2s)

---------------  T H R E A D  ---------------

Current thread (0x00000222df128e40):  JavaThread "Unknown thread" [_thread_in_vm, id=4776, stack(0x000000b376a00000,0x000000b376b00000)]

Stack: [0x000000b376a00000,0x000000b376b00000]
Native frames: (J=compiled Java code, j=interpreted, Vv=VM code, C=native code)
V  [jvm.dll+0x6886b9]
V  [jvm.dll+0x83f6f8]
V  [jvm.dll+0x8411a3]
V  [jvm.dll+0x841813]
V  [jvm.dll+0x2495cf]
V  [jvm.dll+0x6855f9]
V  [jvm.dll+0x679a8a]
V  [jvm.dll+0x30afc7]
V  [jvm.dll+0x312536]
V  [jvm.dll+0x362eee]
V  [jvm.dll+0x36312d]
V  [jvm.dll+0x2e225c]
V  [jvm.dll+0x2e3174]
V  [jvm.dll+0x8115fb]
V  [jvm.dll+0x370c01]
V  [jvm.dll+0x7f00ef]
V  [jvm.dll+0x3f76ff]
V  [jvm.dll+0x3f9231]
C  [jli.dll+0x52a0]
C  [ucrtbase.dll+0x14ea0]
C  [KERNEL32.DLL+0x2e8d7]
C  [ntdll.dll+0xdfbcc]


---------------  P R O C E S S  ---------------

Threads class SMR info:
_java_thread_list=0x00007fffb6a6efd8, length=0, elements={
}

Java Threads: ( => current thread )

Other Threads:
  0x00000222df15a620 GCTaskThread "GC Thread#0" [stack: 0x000000b376b00000,0x000000b376c00000] [id=11556]
  0x00000222df15f570 ConcurrentGCThread "G1 Main Marker" [stack: 0x000000b376c00000,0x000000b376d00000] [id=7176]
  0x00000222df161b10 ConcurrentGCThread "G1 Conc#0" [stack: 0x000000b376d00000,0x000000b376e00000] [id=23088]

[error occurred during error reporting (printing all threads), id 0xc0000005, EXCEPTION_ACCESS_VIOLATION (0xc0000005) at pc=0x00007fffb6222db7]

VM state: not at safepoint (not fully initialized)

VM Mutex/Monitor currently owned by a thread:  ([mutex/lock_event])
[0x00000222dce1c210] Heap_lock - owner thread: 0x00000222df128e40

Heap address: 0x00000000e0000000, size: 512 MB, Compressed Oops mode: 32-bit

CDS archive(s) mapped at: [0x0000000000000000-0x0000000000000000-0x0000000000000000), size 0, SharedBaseAddress: 0x0000000800000000, ArchiveRelocationMode: 1.
Narrow klass base: 0x0000000000000000, Narrow klass shift: 0, Narrow klass range: 0x0

GC Precious Log:
<Empty>

Heap:
 garbage-first heap   total 0K, used 0K [0x00000000e0000000, 0x0000000100000000)
  region size 1024K, 0 young (0K), 0 survivors (0K)

[error occurred during error reporting (printing heap information), id 0xc0000005, EXCEPTION_ACCESS_VIOLATION (0xc0000005) at pc=0x00007fffb66122e9]

GC Heap History (0 events):
No events

Dll operation events (1 events):
Event: 0.014 Loaded shared library C:\Users\udalo\.jdks\ms-17.0.14\bin\java.dll

Deoptimization events (0 events):
No events

Classes loaded (0 events):
No events

Classes unloaded (0 events):
No events

Classes redefined (0 events):
No events

Internal exceptions (0 events):
No events

VM Operations (0 events):
No events

Memory protections (0 events):
No events

Nmethod flushes (0 events):
No events

Events (0 events):
No events


Dynamic libraries:
0x00007ff76f280000 - 0x00007ff76f28e000 	C:\Users\udalo\.jdks\ms-17.0.14\bin\java.exe
0x00007ff823380000 - 0x00007ff8235e3000 	C:\WINDOWS\SYSTEM32\ntdll.dll
0x00007ff822630000 - 0x00007ff8226f8000 	C:\WINDOWS\System32\KERNEL32.DLL
0x00007ff820890000 - 0x00007ff820c42000 	C:\WINDOWS\System32\KERNELBASE.dll
0x00007ff820e50000 - 0x00007ff820f9b000 	C:\WINDOWS\System32\ucrtbase.dll
0x00007ff817790000 - 0x00007ff8177a7000 	C:\Users\udalo\.jdks\ms-17.0.14\bin\jli.dll
0x00007ff81a7a0000 - 0x00007ff81a7bd000 	C:\Users\udalo\.jdks\ms-17.0.14\bin\VCRUNTIME140.dll
0x00007ff8230f0000 - 0x00007ff8232b8000 	C:\WINDOWS\System32\USER32.dll
0x00007ff807ee0000 - 0x00007ff808170000 	C:\WINDOWS\WinSxS\amd64_microsoft.windows.common-controls_6595b64144ccf1df_6.0.26100.2454_none_3e0b68a2e331ad60\COMCTL32.dll
0x00007ff820e20000 - 0x00007ff820e47000 	C:\WINDOWS\System32\win32u.dll
0x00007ff821570000 - 0x00007ff821619000 	C:\WINDOWS\System32\msvcrt.dll
0x00007ff8225f0000 - 0x00007ff82261a000 	C:\WINDOWS\System32\GDI32.dll
0x00007ff820cf0000 - 0x00007ff820e1b000 	C:\WINDOWS\System32\gdi32full.dll
0x00007ff8207e0000 - 0x00007ff820883000 	C:\WINDOWS\System32\msvcp_win.dll
0x00007ff8216c0000 - 0x00007ff8216ef000 	C:\WINDOWS\System32\IMM32.DLL
0x00007ff81b0a0000 - 0x00007ff81b0ac000 	C:\Users\udalo\.jdks\ms-17.0.14\bin\vcruntime140_1.dll
0x00007fffdeb90000 - 0x00007fffdec1d000 	C:\Users\udalo\.jdks\ms-17.0.14\bin\msvcp140.dll
0x00007fffb5f30000 - 0x00007fffb6ba2000 	C:\Users\udalo\.jdks\ms-17.0.14\bin\server\jvm.dll
0x00007ff822820000 - 0x00007ff8228d4000 	C:\WINDOWS\System32\ADVAPI32.dll
0x00007ff8223a0000 - 0x00007ff822446000 	C:\WINDOWS\System32\sechost.dll
0x00007ff821970000 - 0x00007ff821a86000 	C:\WINDOWS\System32\RPCRT4.dll
0x00007ff8232c0000 - 0x00007ff823334000 	C:\WINDOWS\System32\WS2_32.dll
0x00007ff8205e0000 - 0x00007ff82062e000 	C:\WINDOWS\SYSTEM32\POWRPROF.dll
0x00007ff81e420000 - 0x00007ff81e456000 	C:\WINDOWS\SYSTEM32\WINMM.dll
0x00007ff81c030000 - 0x00007ff81c03b000 	C:\WINDOWS\SYSTEM32\VERSION.dll
0x00007ff8205c0000 - 0x00007ff8205d4000 	C:\WINDOWS\SYSTEM32\UMPDC.dll
0x00007ff81f590000 - 0x00007ff81f5aa000 	C:\WINDOWS\SYSTEM32\kernel.appcore.dll
0x00007ff817780000 - 0x00007ff81778a000 	C:\Users\udalo\.jdks\ms-17.0.14\bin\jimage.dll
0x00007ff81ddd0000 - 0x00007ff81e011000 	C:\WINDOWS\SYSTEM32\DBGHELP.DLL
0x00007ff8211e0000 - 0x00007ff82155e000 	C:\WINDOWS\System32\combase.dll
0x00007ff822a20000 - 0x00007ff822af6000 	C:\WINDOWS\System32\OLEAUT32.dll
0x00007ff80cc50000 - 0x00007ff80cc89000 	C:\WINDOWS\SYSTEM32\dbgcore.DLL
0x00007ff820c50000 - 0x00007ff820ce9000 	C:\WINDOWS\System32\bcryptPrimitives.dll
0x00007ff812db0000 - 0x00007ff812dd5000 	C:\Users\udalo\.jdks\ms-17.0.14\bin\java.dll

dbghelp: loaded successfully - version: 4.0.5 - missing functions: none
symbol engine: initialized successfully - sym options: 0x614 - pdb path: .;C:\Users\udalo\.jdks\ms-17.0.14\bin;C:\WINDOWS\SYSTEM32;C:\WINDOWS\WinSxS\amd64_microsoft.windows.common-controls_6595b64144ccf1df_6.0.26100.2454_none_3e0b68a2e331ad60;C:\Users\udalo\.jdks\ms-17.0.14\bin\server

VM Arguments:
jvm_args: -Dorg.gradle.internal.worker.tmpdir=C:\Users\udalo\Downloads\bentonos-backend\build\tmp\test\work -Dorg.gradle.native=false -Xmx512m -Dfile.encoding=UTF-8 -Duser.country=RU -Duser.language=ru -Duser.variant -ea 
java_command: worker.org.gradle.process.internal.worker.GradleWorkerMain 'Gradle Test Executor 5'
java_class_path (initial): C:\\Users\\udalo\\.gradle\\caches\\8.4\\workerMain\\gradle-worker.jar;C:\\Users\\udalo\\Downloads\\bentonos-backend\\build\\classes\\kotlin\\test;C:\\Users\\udalo\\Downloads\\bentonos-backend\\build\\classes\\kotlin\\main;C:\\Users\\udalo\\Downloads\\bentonos-backend\\build\\resources\\main;C:\\Users\\udalo\\.gradle\\caches\\modules-2\\files-2.1\\io.ktor\\ktor-server-auth-jvm\\3.1.2\\9d17d43bdbb0468091cb35029a404dc57b23eae8\\ktor-server-auth-jvm-3.1.2.jar;C:\\Users\\udalo\\.gradle\\caches\\modules-2\\files-2.1\\io.ktor\\ktor-server-content-negotiation-jvm\\3.1.2\\3a814d5b2031092280918c6b482ead088a39bf7b\\ktor-server-content-negotiation-jvm-3.1.2.jar;C:\\Users\\udalo\\.gradle\\caches\\modules-2\\files-2.1\\io.ktor\\ktor-server-cio-jvm\\3.1.2\\278cda115e9c3b88efe6310b42a22874cdf036d9\\ktor-server-cio-jvm-3.1.2.jar;C:\\Users\\udalo\\.gradle\\caches\\modules-2\\files-2.1\\io.ktor\\ktor-server-test-host-jvm\\3.1.2\\6203d1d634abce2039c7f55acc36e70198016fce\\ktor-server-test-host-jvm-3.1.2.jar;C:\\Users\\udalo\\.gradle\\caches\\modules-2\\files-2.1\\io.ktor\\ktor-server-sessions-jvm\\3.1.2\\5247c0dc034fb6674cb035c775c9150a44c18cd0\\ktor-server-sessions-jvm-3.1.2.jar;C:\\Users\\udalo\\.gradle\\caches\\modules-2\\files-2.1\\io.ktor\\ktor-server-call-logging-jvm\\3.1.2\\5fb8a86fc63ddb740a808cc24ddc1401bfabb36\\ktor-server-call-logging-jvm-3.1.2.jar;C:\\Users\\udalo\\.gradle\\caches\\modules-2\\files-2.1\\io.ktor\\ktor-server-websockets-jvm\\3.1.2\\acf90d3abbd3c24740a560b1675916db3980ed11\\ktor-server-websockets-jvm-3.1.2.jar;C:\\Users\\udalo\\.gradle\\caches\\modules-2\\files-2.1\\io.ktor\\ktor-server-core-jvm\\3.1.2\\e348b3c099bbd79106c724a8b49e6d52962ce0ec\\ktor-server-core-jvm-3.1.2.jar;C:\\Users\\udalo\\.gradle\\caches\\modules-2\\files-2.1\\io.ktor\\ktor-serialization-kotlinx-json-jvm\\3.1.2\\709336a7d29be3877fbf35b9228bd66798c32904\\ktor-serialization-kotlinx-json-jvm-3.1.2.jar;C:\\Users\\udalo\\.gradle\\caches\\modules-2\\files-2.1\\org.jet
Launcher Type: SUN_STANDARD

[Global flags]
     intx CICompilerCount                          = 4                                         {product} {ergonomic}
     uint ConcGCThreads                            = 2                                         {product} {ergonomic}
     uint G1ConcRefinementThreads                  = 8                                         {product} {ergonomic}
   size_t G1HeapRegionSize                         = 1048576                                   {product} {ergonomic}
    uintx GCDrainStackTargetSize                   = 64                                        {product} {ergonomic}
   size_t InitialHeapSize                          = 117440512                                 {product} {ergonomic}
   size_t MarkStackSize                            = 4194304                                   {product} {ergonomic}
   size_t MaxHeapSize                              = 536870912                                 {product} {command line}
   size_t MinHeapDeltaBytes                        = 1048576                                   {product} {ergonomic}
   size_t MinHeapSize                              = 8388608                                   {product} {ergonomic}
    uintx NonNMethodCodeHeapSize                   = 5839372                                {pd product} {ergonomic}
    uintx NonProfiledCodeHeapSize                  = 122909434                              {pd product} {ergonomic}
    uintx ProfiledCodeHeapSize                     = 122909434                              {pd product} {ergonomic}
    uintx ReservedCodeCacheSize                    = 251658240                              {pd product} {ergonomic}
     bool SegmentedCodeCache                       = true                                      {product} {ergonomic}
   size_t SoftMaxHeapSize                          = 536870912                              {manageable} {ergonomic}
     bool UseCompressedClassPointers               = true                           {product lp64_product} {ergonomic}
     bool UseCompressedOops                        = true                           {product lp64_product} {ergonomic}
     bool UseG1GC                                  = true                                      {product} {ergonomic}
     bool UseLargePagesIndividualAllocation        = false                                  {pd product} {ergonomic}

Logging:
Log output configuration:
 #0: stdout all=warning uptime,level,tags
 #1: stderr all=off uptime,level,tags

Environment Variables:
PATH=C:\Program Files (x86)\NVIDIA Corporation\PhysX\Common;C:\WINDOWS\system32;C:\WINDOWS;C:\WINDOWS\System32\Wbem;C:\WINDOWS\System32\WindowsPowerShell\v1.0\;C:\WINDOWS\System32\OpenSSH\;C:\Users\udalo\AppData\Local\Microsoft\WindowsApps;
USERNAME=Евгений
OS=Windows_NT
PROCESSOR_IDENTIFIER=AMD64 Family 23 Model 24 Stepping 1, AuthenticAMD
TMP=C:\Users\udalo\AppData\Local\Temp
TEMP=C:\Users\udalo\AppData\Local\Temp



Periodic native trim disabled


---------------  S Y S T E M  ---------------

OS:
 Windows 11 , 64 bit Build 26100 (10.0.26100.2454)
OS uptime: 20 days 2:20 hours

CPU: total 8 (initial active 8) (8 cores per cpu, 2 threads per core) family 23 model 24 stepping 1 microcode 0x8108109, cx8, cmov, fxsr, ht, mmx, 3dnowpref, sse, sse2, sse3, ssse3, sse4a, sse4.1, sse4.2, popcnt, lzcnt, tsc, tscinvbit, avx, avx2, aes, clmul, bmi1, bmi2, adx, sha, fma, vzeroupper, clflush, clflushopt
Processor Information for the first 8 processors :
  Max Mhz: 2100, Current Mhz: 1400, Mhz Limit: 2100

Memory: 4k page, system-wide physical 7103M (649M free)
TotalPageFile size 17343M (AvailPageFile size 72M)
current process WorkingSet (physical memory assigned to process): 12M, peak: 12M
current process commit charge ("private bytes"): 60M, peak: 171M

vm_info: OpenJDK 64-Bit Server VM (17.0.14+7-LTS) for windows-amd64 JRE (17.0.14+7-LTS), built on Jan  8 2025 23:39:28 by "MicrosoftCorporation" with unknown MS VC++:1939

END.
